<?xml version="1.0" encoding="UTF-8"?>
<testsuite name="com.calculator.test.AppRunnerTest" tests="1" skipped="0" failures="0" errors="0" timestamp="2015-01-31T19:50:20" hostname="mc-s071130.local" time="0.073">
  <properties/>
  <testcase name="testMainEndToEnd" classname="com.calculator.test.AppRunnerTest" time="0.073"/>
  <system-out><![CDATA[]]></system-out>
  <system-err><![CDATA[]]></system-err>
</testsuite>
