<?xml version="1.0" encoding="UTF-8"?>
<testsuite name="com.calculator.test.operator.DivideTest" tests="3" skipped="0" failures="0" errors="0" timestamp="2015-01-31T19:50:21" hostname="mc-s071130.local" time="0.0010">
  <properties/>
  <testcase name="testOperateShouldDivide" classname="com.calculator.test.operator.DivideTest" time="0.0"/>
  <testcase name="testOperateWhenDivideByZeroShouldReturnInfinity" classname="com.calculator.test.operator.DivideTest" time="0.0010"/>
  <testcase name="testOperateWhenZeroDivideByNumberShouldReturnZero" classname="com.calculator.test.operator.DivideTest" time="0.0"/>
  <system-out><![CDATA[]]></system-out>
  <system-err><![CDATA[]]></system-err>
</testsuite>
