<?xml version="1.0" encoding="UTF-8"?>
<testsuite name="com.calculator.test.CalculatorTest" tests="2" skipped="0" failures="0" errors="0" timestamp="2015-01-31T19:50:20" hostname="mc-s071130.local" time="0.016">
  <properties/>
  <testcase name="testCalculate" classname="com.calculator.test.CalculatorTest" time="0.015"/>
  <testcase name="testCalculateShouldThrowExceptionWhenInstructionsNotComplete" classname="com.calculator.test.CalculatorTest" time="0.0"/>
  <system-out><![CDATA[]]></system-out>
  <system-err><![CDATA[]]></system-err>
</testsuite>
