<?xml version="1.0" encoding="UTF-8"?>
<testsuite name="com.calculator.test.factory.InstructionFactoryTest" tests="2" skipped="0" failures="0" errors="0" timestamp="2015-02-01T19:07:01" hostname="mc-s071130.local" time="0.0010">
  <properties/>
  <testcase name="testCreateShouldCreateWhenOneLine" classname="com.calculator.test.factory.InstructionFactoryTest" time="0.0010"/>
  <testcase name="testCreateShouldCreateWhenMultipleLines" classname="com.calculator.test.factory.InstructionFactoryTest" time="0.0"/>
  <system-out><![CDATA[]]></system-out>
  <system-err><![CDATA[]]></system-err>
</testsuite>
