<?xml version="1.0" encoding="UTF-8"?>
<testsuite name="com.calculator.test.operator.AddTest" tests="4" skipped="0" failures="0" errors="0" timestamp="2015-01-31T19:50:21" hostname="mc-s071130.local" time="0.022">
  <properties/>
  <testcase name="testOperateShouldAdd" classname="com.calculator.test.operator.AddTest" time="0.0010"/>
  <testcase name="testOperateShouldAddNegativeValues" classname="com.calculator.test.operator.AddTest" time="0.0010"/>
  <testcase name="testOperateShouldAddWhenLeftNegativeValue" classname="com.calculator.test.operator.AddTest" time="0.0"/>
  <testcase name="testOperateShouldAddWhenRightNegativeValue" classname="com.calculator.test.operator.AddTest" time="0.0"/>
  <system-out><![CDATA[]]></system-out>
  <system-err><![CDATA[]]></system-err>
</testsuite>
