<?xml version="1.0" encoding="UTF-8"?>
<testsuite name="com.calculator.test.operator.SubtractTest" tests="4" skipped="0" failures="0" errors="0" timestamp="2015-01-31T19:50:21" hostname="mc-s071130.local" time="0.0010">
  <properties/>
  <testcase name="testOperateShouldSubtract" classname="com.calculator.test.operator.SubtractTest" time="0.0"/>
  <testcase name="testOperateShouldSubtractNegativeValues" classname="com.calculator.test.operator.SubtractTest" time="0.0"/>
  <testcase name="testOperateShouldSubtractWhenLeftNegativeValue" classname="com.calculator.test.operator.SubtractTest" time="0.0"/>
  <testcase name="testOperateShouldSubtractWhenRightNegativeValue" classname="com.calculator.test.operator.SubtractTest" time="0.0"/>
  <system-out><![CDATA[]]></system-out>
  <system-err><![CDATA[]]></system-err>
</testsuite>
