<?xml version="1.0" encoding="UTF-8"?>
<testsuite name="com.calculator.test.operator.AddTest" tests="1" skipped="0" failures="0" errors="0" timestamp="2015-02-01T19:07:01" hostname="mc-s071130.local" time="0.075">
  <properties/>
  <testcase name="testOperateShouldAdd" classname="com.calculator.test.operator.AddTest" time="0.075"/>
  <system-out><![CDATA[]]></system-out>
  <system-err><![CDATA[]]></system-err>
</testsuite>
