<?xml version="1.0" encoding="UTF-8"?>
<testsuite name="com.calculator.test.operator.MultiplyTest" tests="2" skipped="0" failures="0" errors="0" timestamp="2015-01-31T19:50:21" hostname="mc-s071130.local" time="0.0010">
  <properties/>
  <testcase name="testExecuteShouldMultiply" classname="com.calculator.test.operator.MultiplyTest" time="0.0"/>
  <testcase name="testExecuteShouldMultiplyZero" classname="com.calculator.test.operator.MultiplyTest" time="0.0010"/>
  <system-out><![CDATA[]]></system-out>
  <system-err><![CDATA[]]></system-err>
</testsuite>
