<?xml version="1.0" encoding="UTF-8"?>
<testsuite name="com.calculator.test.CalculatorTest" tests="2" skipped="0" failures="0" errors="0" timestamp="2015-02-01T19:07:01" hostname="mc-s071130.local" time="0.015">
  <properties/>
  <testcase name="testCalculate" classname="com.calculator.test.CalculatorTest" time="0.014"/>
  <testcase name="testCalculateShouldThrowExceptionWhenInstructionsNotComplete" classname="com.calculator.test.CalculatorTest" time="0.0010"/>
  <system-out><![CDATA[]]></system-out>
  <system-err><![CDATA[]]></system-err>
</testsuite>
